<?xml version="1.0" encoding="UTF-8" standalone="no"?><testsuite errors="0" failures="5" name="Filtering and sorting documents in the EUDI Wallet" skipped="0" tests="24" time="0.32" timestamp="2025-02-28 10:16:10"><testcase name="Initial state of the filter/sort option"/><testcase name="Opening the filter/sort bottom sheet"/><testcase name="Expanding and collapsing the &quot;Sort by&quot; section"/><testcase name="Sorting documents by attribute"/><testcase name="Sorting documents by default option with grouping"/><testcase name="Expanding and collapsing the &quot;Filter by Category&quot; section"/><testcase name="Filtering documents by category"/><testcase name="Filtering documents by issuer"/><testcase name="Filtering documents by expiry period"/><testcase name="Resetting filters and sorting"/><testcase name="No matching documents found after applying filters"/><testcase name="Visual indication of applied filters/sorting"/><testcase name="Initial state of the filter/sort option"/><testcase name="Opening the filter/sort bottom sheet"><failure/></testcase><testcase name="Expanding and collapsing the &quot;Sort by&quot; section"><failure/></testcase><testcase name="Sorting documents by attribute"><failure/></testcase><testcase name="Sorting documents by default option with grouping"/><testcase name="Expanding and collapsing the &quot;Filter by Category&quot; section"><failure/></testcase><testcase name="Filtering documents by category"><failure/></testcase><testcase name="Filtering documents by issuer"/><testcase name="Filtering documents by expiry period"/><testcase name="Resetting filters and sorting"/><testcase name="No matching documents found after applying filters"/><testcase name="Visual indication of applied filters/sorting"/></testsuite>