<?xml version="1.0" encoding="UTF-8" standalone="no"?><testsuite errors="0" failures="0" name="EUDI Wallet Documents Screen" skipped="0" tests="10" time="0.11" timestamp="2025-02-28 10:16:10"><testcase name="Bottom navigation bar includes 'Home', 'Documents', and 'Transactions' options"/><testcase name="'Documents' screen includes a 'Search' bar"/><testcase name="'Documents' screen includes a 'Filter/Sort' button"/><testcase name="Documents screen includes a list of all issued attestations"/><testcase name="View details of an attestation"/><testcase name="Bottom navigation bar includes 'Home', 'Documents', and 'Transactions' options"/><testcase name="'Documents' screen includes a 'Search' bar"/><testcase name="'Documents' screen includes a 'Filter/Sort' button"/><testcase name="Documents screen includes a list of all issued attestations"/><testcase name="View details of an attestation"/></testsuite>