<?xml version="1.0" encoding="UTF-8" standalone="no"?><testsuite errors="0" failures="4" name="Viewing and managing attestations in the EUDI Wallet" skipped="0" tests="18" time="0.17" timestamp="2025-02-28 10:16:11"><testcase name="Navigating to the 'Documents' screen"/><testcase name="Viewing details of an attestation"/><testcase name="Viewing attestation details after selecting the 'eye' icon"/><testcase name="Bookmarking an attestation"/><testcase name="Restricting the bookmarking of more than 3 attestations"><failure/></testcase><testcase name="Viewing details of the issuer of the attestation"/><testcase name="Viewing latest transactions involving the attestation"><failure/></testcase><testcase name="Deleting an attestation"/><testcase name="Returning to 'Documents' screen from attestation details"/><testcase name="Navigating to the 'Documents' screen"/><testcase name="Viewing details of an attestation"/><testcase name="Viewing attestation details after selecting the 'eye' icon"/><testcase name="Bookmarking an attestation"/><testcase name="Restricting the bookmarking of more than 3 attestations"><failure/></testcase><testcase name="Viewing details of the issuer of the attestation"/><testcase name="Viewing latest transactions involving the attestation"><failure/></testcase><testcase name="Deleting an attestation"/><testcase name="Returning to 'Documents' screen from attestation details"/></testsuite>