<?xml version="1.0" encoding="UTF-8" standalone="no"?><testsuite errors="0" failures="0" name="Present Attestations from EUDI Wallet" skipped="0" tests="48" time="0.77" timestamp="2025-02-28 10:16:10"><testcase name="Select 'In person' in &quot;Present document&quot; section"/><testcase name="Scan QR-code or tap for NFC with reader device and display presentation request"/><testcase name="Cancel data sharing process"/><testcase name="Proceed with data sharing flow"/><testcase name="Enter PIN to proceed with data sharing"/><testcase name="Return to &quot;Home&quot; screen after successful data sharing"/><testcase name="User selects the option ‘Online’ in the “Present document” section"/><testcase name="Wallet opens the scanner to scan QR-code"/><testcase name="Wallet displays the presentation request"/><testcase name="User cancels the data sharing process"/><testcase name="User proceeds with the data sharing flow"/><testcase name="User enters the PIN to proceed with data sharing"/><testcase name="Wallet displays a success screen after data sharing"/><testcase name="User closes the success screen"/><testcase name="Select 'In person' in &quot;Present document&quot; section"/><testcase name="Scan QR-code or tap for NFC with reader device and display presentation request"/><testcase name="Cancel data sharing process"/><testcase name="Proceed with data sharing flow"/><testcase name="Enter PIN to proceed with data sharing"/><testcase name="Return to &quot;Home&quot; screen after successful data sharing"/><testcase name="User selects the option ‘Online’ in the “Present document” section"/><testcase name="Wallet opens the scanner to scan QR-code"/><testcase name="Wallet displays the presentation request"/><testcase name="User cancels the data sharing process"/><testcase name="User proceeds with the data sharing flow"/><testcase name="User enters the PIN to proceed with data sharing"/><testcase name="Wallet displays a success screen after data sharing"/><testcase name="User closes the success screen"/></testsuite>