<?xml version="1.0" encoding="UTF-8" standalone="no"?><testsuite errors="0" failures="0" name="Sign Document through EUDI Wallet" skipped="0" tests="8" time="0.07" timestamp="2025-02-28 10:16:12"><testcase name="Single Credential ID Available"/><testcase name="User Aborts the Signing Operation"/><testcase name="User consents to release attestation"/><testcase name="EUDI Wallet Stores the Signed Document"/><testcase name="Single Credential ID Available"/><testcase name="User Aborts the Signing Operation"/><testcase name="User consents to release attestation"/><testcase name="EUDI Wallet Stores the Signed Document"/></testsuite>