<?xml version="1.0" encoding="UTF-8" standalone="no"?><testsuite errors="0" failures="0" name="EUDIW Web Verifier" skipped="0" tests="36" time="0.27" timestamp="2025-02-28 10:16:12"><testcase name="User accesses the presentation request"/><testcase name="User selects request related to one attestation"/><testcase name="User selects applicable data items and the format of the attestation"/><testcase name="User selects data items"/><testcase name="Verifier generates a QR code"/><testcase name="User scans QR code and request appears in the wallet"/><testcase name="User selects request related to multiple attestations"/><testcase name="User selects applicable data items and the format of the attestations"/><testcase name="User scans QR code with EUDI wallet app"/><testcase name="User accesses the presentation request"/><testcase name="User selects request related to one attestation"/><testcase name="User selects applicable data items and the format of the attestation"/><testcase name="User selects data items"/><testcase name="Verifier generates a deep link"/><testcase name="User clicks deep link and request appears in EUDI wallet app"/><testcase name="User selects request related to multiple attestations"/><testcase name="User selects applicable data items and the format of the attestations"/><testcase name="User clicks deep link to EUDI wallet app"/><testcase name="User accesses the presentation request"/><testcase name="User selects request related to one attestation"/><testcase name="User selects applicable data items and the format of the attestation"/><testcase name="User selects data items"/><testcase name="Verifier generates a QR code"/><testcase name="User scans QR code and request appears in the wallet"/><testcase name="User selects request related to multiple attestations"/><testcase name="User selects applicable data items and the format of the attestations"/><testcase name="User scans QR code with EUDI wallet app"/><testcase name="User accesses the presentation request"/><testcase name="User selects request related to one attestation"/><testcase name="User selects applicable data items and the format of the attestation"/><testcase name="User selects data items"/><testcase name="Verifier generates a deep link"/><testcase name="User clicks deep link and request appears in EUDI wallet app"/><testcase name="User selects request related to multiple attestations"/><testcase name="User selects applicable data items and the format of the attestations"/><testcase name="User clicks deep link to EUDI wallet app"/></testsuite>