<?xml version="1.0" encoding="UTF-8" standalone="no"?><testsuite errors="0" failures="18" name="EUDI Wallet Menu Screen" skipped="0" tests="22" time="0.3" timestamp="2025-02-28 10:16:10"><testcase name="Access EUDI Wallet menu"><failure/></testcase><testcase name="Close the navigation drawer using the 'Back' icon button"/><testcase name="Access Notifications from the navigation drawer"><failure/></testcase><testcase name="Access Change PIN from the navigation drawer"/><testcase name="Access Privacy Notice from the navigation drawer"><failure/></testcase><testcase name="Access Help / FAQs from the navigation drawer"><failure/></testcase><testcase name="Exit the application from the navigation drawer"><failure/></testcase><testcase name="Access EUDI Wallet menu"><failure/></testcase><testcase name="Close the navigation drawer using the 'Back' icon button"/><testcase name="Access Notifications from the navigation drawer"><failure/></testcase><testcase name="Access Change PIN from the navigation drawer"/><testcase name="Access Privacy Notice from the navigation drawer"><failure/></testcase><testcase name="Access Help / FAQs from the navigation drawer"><failure/></testcase><testcase name="Exit the application from the navigation drawer"><failure/></testcase></testsuite>