<?xml version="1.0" encoding="UTF-8" standalone="no"?><testsuite errors="0" failures="0" name="Issuing and storing attestations in the EUDI Wallet" skipped="0" tests="8" time="0.11" timestamp="2025-02-28 10:16:09"><testcase name="Successful navigation to &quot;Home&quot; screen"/><testcase name="Selecting attestation from the predefined list"/><testcase name="Issuing an attestation successfully"/><testcase name="Returning to &quot;Home&quot; screen after success"/><testcase name="Successful navigation to &quot;Home&quot; screen"/><testcase name="Selecting attestation from the predefined list"/><testcase name="Issuing an attestation successfully"/><testcase name="Returning to &quot;Home&quot; screen after success"/></testsuite>