<?xml version="1.0" encoding="UTF-8" standalone="no"?><testsuite errors="0" failures="0" name="EUDI Wallet Home Screen" skipped="0" tests="8" time="0.09" timestamp="2025-02-28 10:16:10"><testcase name="Bottom navigation bar options"/><testcase name="Home screen displays two main sections"/><testcase name="'Present a document' section options"/><testcase name="'Sign a document' section options"/><testcase name="Bottom navigation bar options"/><testcase name="Home screen displays two main sections"/><testcase name="'Present a document' section options"/><testcase name="'Sign a document' section options"/></testsuite>