<?xml version="1.0" encoding="UTF-8" standalone="no"?><testsuite errors="0" failures="0" name="Authenticate to QTSPs using EUDI Wallet" skipped="0" tests="6" time="0.05" timestamp="2025-02-28 10:16:11"><testcase name="User Selects &quot;Sign Document&quot; in EUDI Wallet"/><testcase name="User Selects Preferred QTSP"/><testcase name="User consents to release attestation"/><testcase name="User Selects &quot;Sign Document&quot; in EUDI Wallet"/><testcase name="User Selects Preferred QTSP"/><testcase name="User consents to release attestation"/></testsuite>