<?xml version="1.0" encoding="UTF-8" standalone="no"?><testsuite errors="0" failures="4" name="EUDI Wallet User Signs Document through QTSP with Explicit Consent" skipped="0" tests="14" time="0.16" timestamp="2025-02-28 10:16:12"><testcase name="Relying Party retrieves available Credential IDs"/><testcase name="No Credential IDs enrolled for user in QTSP"><failure/></testcase><testcase name="User selects preferred Credential ID (multiple options)"><failure/></testcase><testcase name="Relying Party retrieves details of selected Credential ID (single or selected ID)"/><testcase name="User does not want to proceed"/><testcase name="User consents to release attestation"/><testcase name="QTSP verifies the attestation successfully"/><testcase name="Relying Party retrieves available Credential IDs"/><testcase name="No Credential IDs enrolled for user in QTSP"><failure/></testcase><testcase name="User selects preferred Credential ID (multiple options)"><failure/></testcase><testcase name="Relying Party retrieves details of selected Credential ID (single or selected ID)"/><testcase name="User does not want to proceed"/><testcase name="User consents to release attestation"/><testcase name="QTSP verifies the attestation successfully"/></testsuite>