<?xml version="1.0" encoding="UTF-8" standalone="no"?><testsuite errors="0" failures="0" name="EUDI Wallet User Engagement with Trusted Issuers" skipped="0" tests="10" time="0.1" timestamp="2025-02-28 10:16:12"><testcase name="User visits QTSP login page"/><testcase name="User successfully authenticates in EUDI Wallet"/><testcase name="User fails to authenticate in EUDI Wallet"/><testcase name="User consents to release attestation"/><testcase name="Successful attestation verification"/><testcase name="User visits QTSP login page"/><testcase name="User successfully authenticates in EUDI Wallet"/><testcase name="User fails to authenticate in EUDI Wallet"/><testcase name="User consents to release attestation"/><testcase name="Successful attestation verification"/></testsuite>