<?xml version="1.0" encoding="UTF-8" standalone="no"?><testsuite errors="0" failures="0" name="Relying Party Trusted Certificate Creation" skipped="0" tests="6" time="0.07" timestamp="2025-02-28 10:16:12"><testcase name="User visits the Relying Party service and authenticates with PID"/><testcase name="User fills in the required information for certificate creation"/><testcase name="User downloads the certificate"/><testcase name="User visits the Relying Party service and authenticates with PID"/><testcase name="User fills in the required information for certificate creation"/><testcase name="User downloads the certificate"/></testsuite>